This is pdfTeX, Version 3.14159265-2.6-1.40.21 (MiKTeX 20.7) (preloaded format=pdflatex 2020.9.30)  2 OCT 2020 14:09
entering extended mode
**./report.tex
(report.tex
LaTeX2e <2020-02-02> patch level 5
L3 programming layer <2020-09-03>
(C:\Users\Ellis\AppData\Local\Programs\MiKTeX\tex/latex/base\article.cls
Document Class: article 2019/12/20 v1.4l Standard LaTeX document class
(C:\Users\Ellis\AppData\Local\Programs\MiKTeX\tex/latex/base\size10.clo
File: size10.clo 2019/12/20 v1.4l Standard LaTeX file (size option)
)
\c@part=\count168
\c@section=\count169
\c@subsection=\count170
\c@subsubsection=\count171
\c@paragraph=\count172
\c@subparagraph=\count173
\c@figure=\count174
\c@table=\count175
\abovecaptionskip=\skip47
\belowcaptionskip=\skip48
\bibindent=\dimen134
)
(C:\Users\Ellis\AppData\Local\Programs\MiKTeX\tex/latex/graphics\graphicx.sty
Package: graphicx 2019/11/30 v1.2a Enhanced LaTeX Graphics (DPC,SPQR)

(C:\Users\Ellis\AppData\Local\Programs\MiKTeX\tex/latex/graphics\keyval.sty
Package: keyval 2014/10/28 v1.15 key=value parser (DPC)
\KV@toks@=\toks15
)
(C:\Users\Ellis\AppData\Local\Programs\MiKTeX\tex/latex/graphics\graphics.sty
Package: graphics 2019/11/30 v1.4a Standard LaTeX Graphics (DPC,SPQR)

(C:\Users\Ellis\AppData\Local\Programs\MiKTeX\tex/latex/graphics\trig.sty
Package: trig 2016/01/03 v1.10 sin cos tan (DPC)
)
(C:\Users\Ellis\AppData\Local\Programs\MiKTeX\tex/latex/graphics-cfg\graphics.c
fg
File: graphics.cfg 2016/06/04 v1.11 sample graphics configuration
)
Package graphics Info: Driver file: pdftex.def on input line 105.

(C:\Users\Ellis\AppData\Local\Programs\MiKTeX\tex/latex/graphics-def\pdftex.def
File: pdftex.def 2020/08/26 v1.2 Graphics/color driver for pdftex
))
\Gin@req@height=\dimen135
\Gin@req@width=\dimen136
)
(C:\Users\Ellis\AppData\Local\Programs\MiKTeX\tex/latex/listings\listings.sty
\lst@mode=\count176
\lst@gtempboxa=\box45
\lst@token=\toks16
\lst@length=\count177
\lst@currlwidth=\dimen137
\lst@column=\count178
\lst@pos=\count179
\lst@lostspace=\dimen138
\lst@width=\dimen139
\lst@newlines=\count180
\lst@lineno=\count181
\lst@maxwidth=\dimen140

(C:\Users\Ellis\AppData\Local\Programs\MiKTeX\tex/latex/listings\lstmisc.sty
File: lstmisc.sty 2020/03/24 1.8d (Carsten Heinz)
\c@lstnumber=\count182
\lst@skipnumbers=\count183
\lst@framebox=\box46
)
(C:\Users\Ellis\AppData\Local\Programs\MiKTeX\tex/latex/listings\listings.cfg
File: listings.cfg 2020/03/24 1.8d listings configuration
))
Package: listings 2020/03/24 1.8d (Carsten Heinz)

(C:\Users\Ellis\AppData\Local\Programs\MiKTeX\tex/latex/l3backend\l3backend-pdf
tex.def
File: l3backend-pdftex.def 2020-09-01 L3 backend support: PDF output (pdfTeX)
\l__kernel_color_stack_int=\count184
\l__pdf_internal_box=\box47
) (report.aux)
\openout1 = `report.aux'.

LaTeX Font Info:    Checking defaults for OML/cmm/m/it on input line 5.
LaTeX Font Info:    ... okay on input line 5.
LaTeX Font Info:    Checking defaults for OMS/cmsy/m/n on input line 5.
LaTeX Font Info:    ... okay on input line 5.
LaTeX Font Info:    Checking defaults for OT1/cmr/m/n on input line 5.
LaTeX Font Info:    ... okay on input line 5.
LaTeX Font Info:    Checking defaults for T1/cmr/m/n on input line 5.
LaTeX Font Info:    ... okay on input line 5.
LaTeX Font Info:    Checking defaults for TS1/cmr/m/n on input line 5.
LaTeX Font Info:    ... okay on input line 5.
LaTeX Font Info:    Checking defaults for OMX/cmex/m/n on input line 5.
LaTeX Font Info:    ... okay on input line 5.
LaTeX Font Info:    Checking defaults for U/cmr/m/n on input line 5.
LaTeX Font Info:    ... okay on input line 5.

(C:\Users\Ellis\AppData\Local\Programs\MiKTeX\tex/context/base/mkii\supp-pdf.mk
ii
[Loading MPS to PDF converter (version 2006.09.02).]
\scratchcounter=\count185
\scratchdimen=\dimen141
\scratchbox=\box48
\nofMPsegments=\count186
\nofMParguments=\count187
\everyMPshowfont=\toks17
\MPscratchCnt=\count188
\MPscratchDim=\dimen142
\MPnumerator=\count189
\makeMPintoPDFobject=\count190
\everyMPtoPDFconversion=\toks18
)
(C:\Users\Ellis\AppData\Local\Programs\MiKTeX\tex/latex/epstopdf-pkg\epstopdf-b
ase.sty
Package: epstopdf-base 2020-01-24 v2.11 Base part for package epstopdf
Package epstopdf-base Info: Redefining graphics rule for `.eps' on input line 4
85.
)
\c@lstlisting=\count191
LaTeX Font Info:    External font `cmex10' loaded for size
(Font)              <12> on input line 11.
LaTeX Font Info:    External font `cmex10' loaded for size
(Font)              <8> on input line 11.
LaTeX Font Info:    External font `cmex10' loaded for size
(Font)              <6> on input line 11.
Package epstopdf Info: Source file: <Question1/number.eps>
(epstopdf)                    date: 2020-09-23 16:46:13
(epstopdf)                    size: 5419 bytes
(epstopdf)             Output file: <Question1/number-eps-converted-to.pdf>
(epstopdf)                    date: 2020-09-30 09:32:12
(epstopdf)                    size: 7343 bytes
(epstopdf)             Command: <epstopdf --outfile=Question1/number-eps-conver
ted-to.pdf Question1/number.eps>
(epstopdf)             \includegraphics on input line 25.
Package epstopdf Info: Output file is already uptodate.


pdfTeX warning: pdflatex.exe (file ./Question1/number-eps-converted-to.pdf): PD
F inclusion: found PDF version <1.7>, but at most version <1.5> allowed
<Question1/number-eps-converted-to.pdf, id=1, 421.575pt x 78.2925pt>
File: Question1/number-eps-converted-to.pdf Graphic file (type pdf)
<use Question1/number-eps-converted-to.pdf>
Package pdftex.def Info: Question1/number-eps-converted-to.pdf  used on input l
ine 25.
(pdftex.def)             Requested size: 379.41399pt x 70.46259pt.

Overfull \hbox (34.41399pt too wide) in paragraph at lines 25--27
[]
 []


Underfull \hbox (badness 10000) in paragraph at lines 25--27

 []

LaTeX Font Info:    Trying to load font information for OMS+cmr on input line 2
8.
(C:\Users\Ellis\AppData\Local\Programs\MiKTeX\tex/latex/base\omscmr.fd
File: omscmr.fd 2019/12/16 v2.5j Standard LaTeX font definitions
)
LaTeX Font Info:    Font shape `OMS/cmr/m/n' in size <10> not available
(Font)              Font shape `OMS/cmsy/m/n' tried instead on input line 28.
Package epstopdf Info: Source file: <Question1/string.eps>
(epstopdf)                    date: 2020-09-23 16:46:13
(epstopdf)                    size: 1105 bytes
(epstopdf)             Output file: <Question1/string-eps-converted-to.pdf>
(epstopdf)                    date: 2020-09-30 09:30:45
(epstopdf)                    size: 4987 bytes
(epstopdf)             Command: <epstopdf --outfile=Question1/string-eps-conver
ted-to.pdf Question1/string.eps>
(epstopdf)             \includegraphics on input line 36.
Package epstopdf Info: Output file is already uptodate.


pdfTeX warning: pdflatex.exe (file ./Question1/string-eps-converted-to.pdf): PD
F inclusion: found PDF version <1.7>, but at most version <1.5> allowed
<Question1/string-eps-converted-to.pdf, id=2, 110.4125pt x 44.165pt>
File: Question1/string-eps-converted-to.pdf Graphic file (type pdf)
<use Question1/string-eps-converted-to.pdf>
Package pdftex.def Info: Question1/string-eps-converted-to.pdf  used on input l
ine 36.
(pdftex.def)             Requested size: 99.37032pt x 39.74811pt.
Package epstopdf Info: Source file: <Question1/value.eps>
(epstopdf)                    date: 2020-09-23 16:46:13
(epstopdf)                    size: 1614 bytes
(epstopdf)             Output file: <Question1/value-eps-converted-to.pdf>
(epstopdf)                    date: 2020-09-30 09:19:11
(epstopdf)                    size: 5625 bytes
(epstopdf)             Command: <epstopdf --outfile=Question1/value-eps-convert
ed-to.pdf Question1/value.eps>
(epstopdf)             \includegraphics on input line 46.
Package epstopdf Info: Output file is already uptodate.


pdfTeX warning: pdflatex.exe (file ./Question1/value-eps-converted-to.pdf): PDF
 inclusion: found PDF version <1.7>, but at most version <1.5> allowed
<Question1/value-eps-converted-to.pdf, id=3, 84.315pt x 136.51pt>
File: Question1/value-eps-converted-to.pdf Graphic file (type pdf)
<use Question1/value-eps-converted-to.pdf>
Package pdftex.def Info: Question1/value-eps-converted-to.pdf  used on input li
ne 46.
(pdftex.def)             Requested size: 75.88277pt x 122.85785pt.
[1

{C:/Users/Ellis/AppData/Local/MiKTeX/pdftex/config/pdftex.map} <./Question1/num
ber-eps-converted-to.pdf> <./Question1/string-eps-converted-to.pdf>]
Package epstopdf Info: Source file: <Question1/array.eps>
(epstopdf)                    date: 2020-09-23 16:46:13
(epstopdf)                    size: 1917 bytes
(epstopdf)             Output file: <Question1/array-eps-converted-to.pdf>
(epstopdf)                    date: 2020-09-30 09:34:16
(epstopdf)                    size: 6208 bytes
(epstopdf)             Command: <epstopdf --outfile=Question1/array-eps-convert
ed-to.pdf Question1/array.eps>
(epstopdf)             \includegraphics on input line 56.
Package epstopdf Info: Output file is already uptodate.


pdfTeX warning: pdflatex.exe (file ./Question1/array-eps-converted-to.pdf): PDF
 inclusion: found PDF version <1.7>, but at most version <1.5> allowed
<Question1/array-eps-converted-to.pdf, id=29, 228.855pt x 62.2325pt>
File: Question1/array-eps-converted-to.pdf Graphic file (type pdf)
<use Question1/array-eps-converted-to.pdf>
Package pdftex.def Info: Question1/array-eps-converted-to.pdf  used on input li
ne 56.
(pdftex.def)             Requested size: 205.96759pt x 56.00873pt.
Package epstopdf Info: Source file: <Question1/object.eps>
(epstopdf)                    date: 2020-09-23 16:46:13
(epstopdf)                    size: 2766 bytes
(epstopdf)             Output file: <Question1/object-eps-converted-to.pdf>
(epstopdf)                    date: 2020-09-30 09:36:20
(epstopdf)                    size: 7536 bytes
(epstopdf)             Command: <epstopdf --outfile=Question1/object-eps-conver
ted-to.pdf Question1/object.eps>
(epstopdf)             \includegraphics on input line 65.
Package epstopdf Info: Output file is already uptodate.


pdfTeX warning: pdflatex.exe (file ./Question1/object-eps-converted-to.pdf): PD
F inclusion: found PDF version <1.7>, but at most version <1.5> allowed
<Question1/object-eps-converted-to.pdf, id=30, 385.44pt x 62.2325pt>
File: Question1/object-eps-converted-to.pdf Graphic file (type pdf)
<use Question1/object-eps-converted-to.pdf>
Package pdftex.def Info: Question1/object-eps-converted-to.pdf  used on input l
ine 65.
(pdftex.def)             Requested size: 346.89279pt x 56.00873pt.

Overfull \hbox (1.89279pt too wide) in paragraph at lines 65--67
[]
 []


Underfull \hbox (badness 10000) in paragraph at lines 65--67

 []

[2 <./Question1/value-eps-converted-to.pdf> <./Question1/array-eps-converted-to
.pdf> <./Question1/object-eps-converted-to.pdf>]
LaTeX Font Info:    Trying to load font information for OML+cmr on input line 9
2.

(C:\Users\Ellis\AppData\Local\Programs\MiKTeX\tex/latex/base\omlcmr.fd
File: omlcmr.fd 2019/12/16 v2.5j Standard LaTeX font definitions
)
LaTeX Font Info:    Font shape `OML/cmr/m/n' in size <10> not available
(Font)              Font shape `OML/cmm/m/it' tried instead on input line 92.

[3] (report.aux) ) 
Here is how much of TeX's memory you used:
 2841 strings out of 481199
 40639 string characters out of 2905595
 282719 words of memory out of 3000000
 18460 multiletter control sequences out of 15000+200000
 539977 words of font info for 45 fonts, out of 3000000 for 9000
 1141 hyphenation exceptions out of 8191
 36i,6n,36p,206b,1252s stack positions out of 5000i,500n,10000p,200000b,50000s
 <C:\Users\Ellis\AppData\Local\MiKTeX\fonts/pk/ljfour/jknappe
n/ec/dpi600\tcrm1000.pk><C:/Users/Ellis/AppData/Local/Programs/MiKTeX/fonts/typ
e1/public/amsfonts/cm/cmbx12.pfb><C:/Users/Ellis/AppData/Local/Programs/MiKTeX/
fonts/type1/public/amsfonts/cm/cmbx9.pfb><C:/Users/Ellis/AppData/Local/Programs
/MiKTeX/fonts/type1/public/amsfonts/cm/cmmi10.pfb><C:/Users/Ellis/AppData/Local
/Programs/MiKTeX/fonts/type1/public/amsfonts/cm/cmr10.pfb><C:/Users/Ellis/AppDa
ta/Local/Programs/MiKTeX/fonts/type1/public/amsfonts/cm/cmr12.pfb><C:/Users/Ell
is/AppData/Local/Programs/MiKTeX/fonts/type1/public/amsfonts/cm/cmr17.pfb><C:/U
sers/Ellis/AppData/Local/Programs/MiKTeX/fonts/type1/public/amsfonts/cm/cmr9.pf
b><C:/Users/Ellis/AppData/Local/Programs/MiKTeX/fonts/type1/public/amsfonts/cm/
cmsy10.pfb>
Output written on report.pdf (3 pages, 122062 bytes).
PDF statistics:
 89 PDF objects out of 1000 (max. 8388607)
 0 named destinations out of 1000 (max. 500000)
 26 words of extra memory for PDF output out of 10000 (max. 10000000)

